<?xml version="1.0" encoding="UTF-8"?>
<!-- Generated by org.testng.reporters.JUnitXMLReporter -->
<testsuite ignored="2" hostname="SafinaPC" failures="0" tests="8" name="chromeTest" time="117.741" errors="0" timestamp="2025-02-18T19:23:01 EST">
  <testcase classname="testCases.TC01_LaunchApplication" name="testLaunchApplication" time="0.168"/>
  <testcase classname="testCases.TC03_AddToCart" name="testAddToCart" time="2.884"/>
  <testcase classname="testCases.TC02_Login" name="testLogin" time="3.544"/>
  <testcase classname="testCases.TC02_Login" name="testLogin" time="4.006"/>
  <testcase classname="testCases.TC02_Login" name="testLogin" time="3.737"/>
  <testcase classname="testCases.TC02_Login" name="testLogin" time="3.664"/>
  <testcase classname="testCases.TC02_Login" name="testLogin" time="4.587"/>
  <testcase classname="testCases.TC04_CompletePurchase" name="testCompletePurchase" time="73.412"/>
  <testcase classname="testCases.TC06_PurchaseAGiftCertificate" name="testPurchaseAGiftCertificate" time="0.0">
    <ignored/>
  </testcase> <!-- testPurchaseAGiftCertificate -->
  <testcase classname="testCases.TC05_AddAnItemToWishList" name="testAddToWishList" time="0.0">
    <ignored/>
  </testcase> <!-- testAddToWishList -->
</testsuite> <!-- chromeTest -->
