<?xml version="1.0" encoding="UTF-8"?>
<!-- Generated by org.testng.reporters.JUnitXMLReporter -->
<testsuite ignored="2" hostname="SafinaPC" failures="0" tests="9" name="edgeTest" time="164.421" errors="0" timestamp="2025-02-18T19:23:46 EST">
  <testcase classname="testCases.TC01_LaunchApplication" name="testLaunchApplication" time="0.112"/>
  <testcase classname="testCases.TC03_AddToCart" name="testAddToCart" time="3.234"/>
  <testcase classname="testCases.TC02_Login" name="testLogin" time="3.802"/>
  <testcase classname="testCases.TC02_Login" name="testLogin" time="3.826"/>
  <testcase classname="testCases.TC02_Login" name="testLogin" time="3.815"/>
  <testcase classname="testCases.TC02_Login" name="testLogin" time="4.095"/>
  <testcase classname="testCases.TC02_Login" name="testLogin" time="3.898"/>
  <testcase classname="testCases.TC04_CompletePurchase" name="testCompletePurchase" time="63.723">
    <skipped/>
  </testcase> <!-- testCompletePurchase -->
  <testcase classname="testCases.TC04_CompletePurchase" name="testCompletePurchase" time="53.925">
    <skipped/>
  </testcase> <!-- testCompletePurchase -->
  <testcase classname="testCases.TC06_PurchaseAGiftCertificate" name="testPurchaseAGiftCertificate" time="0.0">
    <ignored/>
  </testcase> <!-- testPurchaseAGiftCertificate -->
  <testcase classname="testCases.TC05_AddAnItemToWishList" name="testAddToWishList" time="0.0">
    <ignored/>
  </testcase> <!-- testAddToWishList -->
</testsuite> <!-- edgeTest -->
