<?xml version="1.0" encoding="UTF-8"?>
<!-- Generated by org.testng.reporters.JUnitXMLReporter -->
<testsuite ignored="2" hostname="SafinaPC" failures="0" tests="8" name="firefoxTest" time="130.24" errors="0" timestamp="2025-02-18T19:23:12 EST">
  <testcase classname="testCases.TC01_LaunchApplication" name="testLaunchApplication" time="0.119"/>
  <testcase classname="testCases.TC03_AddToCart" name="testAddToCart" time="2.919"/>
  <testcase classname="testCases.TC02_Login" name="testLogin" time="3.451"/>
  <testcase classname="testCases.TC02_Login" name="testLogin" time="4.148"/>
  <testcase classname="testCases.TC02_Login" name="testLogin" time="3.405"/>
  <testcase classname="testCases.TC02_Login" name="testLogin" time="3.035"/>
  <testcase classname="testCases.TC02_Login" name="testLogin" time="3.336"/>
  <testcase classname="testCases.TC04_CompletePurchase" name="testCompletePurchase" time="71.429"/>
  <testcase classname="testCases.TC05_AddAnItemToWishList" name="testAddToWishList" time="0.0">
    <ignored/>
  </testcase> <!-- testAddToWishList -->
  <testcase classname="testCases.TC06_PurchaseAGiftCertificate" name="testPurchaseAGiftCertificate" time="0.0">
    <ignored/>
  </testcase> <!-- testPurchaseAGiftCertificate -->
</testsuite> <!-- firefoxTest -->
