<?xml version="1.0" encoding="UTF-8"?>
<!-- Generated by org.testng.reporters.JUnitXMLReporter -->
<testsuite ignored="0" hostname="SafinaPC" failures="0" tests="9" name="Test" time="69.404" errors="0" timestamp="2025-02-12T11:20:42 EST">
  <testcase classname="testCases.TC01_LaunchApplication" name="testLaunchApplication" time="0.109"/>
  <testcase classname="testCases.TC03_AddToCart" name="testAddAnItemToWishList" time="2.682"/>
  <testcase classname="testCases.TC02_Login" name="testLogin" time="2.987"/>
  <testcase classname="testCases.TC02_Login" name="testLogin" time="3.525"/>
  <testcase classname="testCases.TC02_Login" name="testLogin" time="3.186"/>
  <testcase classname="testCases.TC02_Login" name="testLogin" time="3.911"/>
  <testcase classname="testCases.TC02_Login" name="testLogin" time="5.095"/>
  <testcase classname="testCases.TC05_AddAnItemToWishList" name="testAddToCart" time="2.774"/>
  <testcase classname="testCases.TC04_CompletePurchase" name="testCompletePurchase" time="21.74"/>
</testsuite> <!-- Test -->
