<?xml version="1.0" encoding="UTF-8"?>
<!-- Generated by org.testng.reporters.JUnitXMLReporter -->
<testsuite ignored="2" hostname="SafinaPC" failures="0" tests="8" name="chromeTest" time="115.469" errors="0" timestamp="2025-02-19T11:35:12 EST">
  <testcase classname="testCases.TC01_LaunchApplication" name="testLaunchApplication" time="0.168"/>
  <testcase classname="testCases.TC03_AddToCart" name="testAddToCart" time="2.92"/>
  <testcase classname="testCases.TC02_Login" name="testLogin" time="3.53"/>
  <testcase classname="testCases.TC02_Login" name="testLogin" time="3.894"/>
  <testcase classname="testCases.TC02_Login" name="testLogin" time="3.763"/>
  <testcase classname="testCases.TC02_Login" name="testLogin" time="3.603"/>
  <testcase classname="testCases.TC02_Login" name="testLogin" time="4.049"/>
  <testcase classname="testCases.TC04_CompletePurchase" name="testCompletePurchase" time="73.404"/>
  <testcase classname="testCases.TC05_AddAnItemToWishList" name="testAddToWishList" time="0.0">
    <ignored/>
  </testcase> <!-- testAddToWishList -->
  <testcase classname="testCases.TC06_PurchaseAGiftCertificate" name="testPurchaseAGiftCertificate" time="0.0">
    <ignored/>
  </testcase> <!-- testPurchaseAGiftCertificate -->
</testsuite> <!-- chromeTest -->
