<?xml version="1.0" encoding="UTF-8"?>
<!-- Generated by org.testng.reporters.JUnitXMLReporter -->
<testsuite ignored="2" hostname="SafinaPC" failures="0" tests="9" name="edgeTest" time="194.442" errors="0" timestamp="2025-02-19T11:36:29 EST">
  <testcase classname="testCases.TC01_LaunchApplication" name="testLaunchApplication" time="0.12"/>
  <testcase classname="testCases.TC03_AddToCart" name="testAddToCart" time="3.07"/>
  <testcase classname="testCases.TC02_Login" name="testLogin" time="3.498"/>
  <testcase classname="testCases.TC02_Login" name="testLogin" time="4.023"/>
  <testcase classname="testCases.TC02_Login" name="testLogin" time="3.622"/>
  <testcase classname="testCases.TC02_Login" name="testLogin" time="3.876"/>
  <testcase classname="testCases.TC02_Login" name="testLogin" time="3.793"/>
  <testcase classname="testCases.TC04_CompletePurchase" name="testCompletePurchase" time="63.725">
    <skipped/>
  </testcase> <!-- testCompletePurchase -->
  <testcase classname="testCases.TC04_CompletePurchase" name="testCompletePurchase" time="61.706">
    <skipped/>
  </testcase> <!-- testCompletePurchase -->
  <testcase classname="testCases.TC06_PurchaseAGiftCertificate" name="testPurchaseAGiftCertificate" time="0.0">
    <ignored/>
  </testcase> <!-- testPurchaseAGiftCertificate -->
  <testcase classname="testCases.TC05_AddAnItemToWishList" name="testAddToWishList" time="0.0">
    <ignored/>
  </testcase> <!-- testAddToWishList -->
</testsuite> <!-- edgeTest -->
