<?xml version="1.0" encoding="UTF-8"?>
<!-- Generated by org.testng.reporters.JUnitXMLReporter -->
<testsuite ignored="2" hostname="SafinaPC" failures="0" tests="8" name="firefoxTest" time="127.071" errors="0" timestamp="2025-02-19T11:35:22 EST">
  <testcase classname="testCases.TC01_LaunchApplication" name="testLaunchApplication" time="0.062"/>
  <testcase classname="testCases.TC03_AddToCart" name="testAddToCart" time="2.705"/>
  <testcase classname="testCases.TC02_Login" name="testLogin" time="3.568"/>
  <testcase classname="testCases.TC02_Login" name="testLogin" time="3.752"/>
  <testcase classname="testCases.TC02_Login" name="testLogin" time="3.452"/>
  <testcase classname="testCases.TC02_Login" name="testLogin" time="3.014"/>
  <testcase classname="testCases.TC02_Login" name="testLogin" time="3.236"/>
  <testcase classname="testCases.TC04_CompletePurchase" name="testCompletePurchase" time="71.643"/>
  <testcase classname="testCases.TC06_PurchaseAGiftCertificate" name="testPurchaseAGiftCertificate" time="0.0">
    <ignored/>
  </testcase> <!-- testPurchaseAGiftCertificate -->
  <testcase classname="testCases.TC05_AddAnItemToWishList" name="testAddToWishList" time="0.0">
    <ignored/>
  </testcase> <!-- testAddToWishList -->
</testsuite> <!-- firefoxTest -->
