<?xml version="1.0" encoding="UTF-8"?>
<testsuite xmlns:xsi="http://www.w3.org/2001/XMLSchema-instance" xsi:noNamespaceSchemaLocation="https://maven.apache.org/surefire/maven-surefire-plugin/xsd/surefire-test-report.xsd" version="3.0.2" name="TestSuite" time="196.108" tests="25" errors="0" skipped="2" failures="0">
  <properties>
[...]
</properties>
  <testcase name="testLaunchApplication" classname="testCases.TC01_LaunchApplication" time="0.142">
    <system-out><![CDATA[2025-02-19T16:33:14.192524700Z main INFO Starting configuration XmlConfiguration[location=C:\Users\safin\eclipse-workspace\NinjaV6\target\test-classes\log4j2.xml, lastModified=2025-02-18T22:21:43.234Z]...
2025-02-19T16:33:14.195523900Z main INFO Start watching for changes to C:\Users\safin\eclipse-workspace\NinjaV6\target\test-classes\log4j2.xml every 0 seconds
2025-02-19T16:33:14.195523900Z main INFO Configuration XmlConfiguration[location=C:\Users\safin\eclipse-workspace\NinjaV6\target\test-classes\log4j2.xml, lastModified=2025-02-18T22:21:43.234Z] started.
2025-02-19T16:33:14.198527700Z main INFO Stopping configuration org.apache.logging.log4j.core.config.DefaultConfiguration@48e4374...
2025-02-19T16:33:14.198527700Z main INFO Configuration org.apache.logging.log4j.core.config.DefaultConfiguration@48e4374 stopped.
]]></system-out>
    <system-err><![CDATA[Feb 19, 2025 11:33:14 A.M. org.openqa.selenium.remote.tracing.opentelemetry.OpenTelemetryTracer createTracer
INFO: Using OpenTelemetry for tracing
]]></system-err>
  </testcase>
  <testcase name="testLaunchApplication" classname="testCases.TC01_LaunchApplication" time="0.156"/>
  <testcase name="testLaunchApplication" classname="testCases.TC01_LaunchApplication" time="0.062"/>
  <testcase name="testAddToCart" classname="testCases.TC03_AddToCart" time="2.401"/>
  <testcase name="testAddToCart" classname="testCases.TC03_AddToCart" time="3.072"/>
  <testcase name="testAddToCart" classname="testCases.TC03_AddToCart" time="0.377"/>
  <testcase name="testLogin[goodmorning@gmail.com, test@1234](1)" classname="testCases.TC02_Login" time="3.304"/>
  <testcase name="testLogin[goodmorning@gmail.com, test@1234](1)" classname="testCases.TC02_Login" time="0.195"/>
  <testcase name="testLogin[goodmorning@gmail.com, test@1234](1)" classname="testCases.TC02_Login" time="2.671"/>
  <testcase name="testLogin[test121@test.com, test123](2)" classname="testCases.TC02_Login" time="3.696"/>
  <testcase name="testLogin[test121@test.com, test123](2)" classname="testCases.TC02_Login" time="0.325"/>
  <testcase name="testLogin[test121@test.com, test123](2)" classname="testCases.TC02_Login" time="2.548"/>
  <testcase name="testLogin[sid@cloudberry.services, Test123](3)" classname="testCases.TC02_Login" time="0.709"/>
  <testcase name="testLogin[sid@cloudberry.services, Test123](3)" classname="testCases.TC02_Login" time="0.185"/>
  <testcase name="testLogin[sid@cloudberry.services, Test123](3)" classname="testCases.TC02_Login" time="3.454"/>
  <testcase name="testLogin[otisdog22@yahoo.com, 1234QWERT](4)" classname="testCases.TC02_Login" time="0.738"/>
  <testcase name="testLogin[otisdog22@yahoo.com, 1234QWERT](4)" classname="testCases.TC02_Login" time="0.458"/>
  <testcase name="testLogin[otisdog22@yahoo.com, 1234QWERT](4)" classname="testCases.TC02_Login" time="1.332"/>
  <testcase name="testLogin[shalaka.dongre@gmail.com, Test123!](5)" classname="testCases.TC02_Login" time="1.037"/>
  <testcase name="testLogin[shalaka.dongre@gmail.com, Test123!](5)" classname="testCases.TC02_Login" time="1.247"/>
  <testcase name="testLogin[shalaka.dongre@gmail.com, Test123!](5)" classname="testCases.TC02_Login" time="3.225"/>
  <testcase name="testCompletePurchase" classname="testCases.TC04_CompletePurchase" time="0.0">
    <skipped message="Test encountered an unexpected error: element not interactable&#10;  (Session info: MicrosoftEdge=133.0.3065.69)&#10;Build info: version: &apos;4.28.1&apos;, revision: &apos;73f5ad48a2&apos;&#10;System info: os.name: &apos;Windows 11&apos;, os.arch: &apos;amd64&apos;, os.version: &apos;10.0&apos;, java.version: &apos;23.0.2&apos;&#10;Driver info: org.openqa.selenium.remote.RemoteWebDriver&#10;Command: [ccc64bfbfb591ce43a5a06e2095af5eb, clickElement {id=f.9900796547606AAF45365CAA9D618C44.d.26B76ED36D680CCEFF9AD2FE1030A34A.e.2891}]&#10;Capabilities {acceptInsecureCerts: false, browserName: MicrosoftEdge, browserVersion: 133.0.3065.69, fedcm:accounts: true, ms:edgeOptions: {debuggerAddress: localhost:56157}, msedge: {msedgedriverVersion: 133.0.3065.69 (c3f010c11f3e..., userDataDir: C:\Users\safin\AppData\Loca...}, networkConnectionEnabled: false, pageLoadStrategy: normal, platformName: Windows 11, proxy: Proxy(), se:bidiEnabled: false, se:cdp: ws://192.168.2.90:4444/sess..., se:cdpVersion: 133.0.3065.69, setWindowRect: true, strictFileInteractability: false, timeouts: {implicit: 0, pageLoad: 300000, script: 30000}, unhandledPromptBehavior: dismiss and notify, webauthn:extension:credBlob: true, webauthn:extension:largeBlob: true, webauthn:extension:minPinLength: true, webauthn:extension:prf: true, webauthn:virtualAuthenticators: true}&#10;Element: [[RemoteWebDriver: MicrosoftEdge on Windows 11 (ccc64bfbfb591ce43a5a06e2095af5eb)] -&gt; xpath: //strong[normalize-space()=&apos;Checkout&apos;]]&#10;Session ID: ccc64bfbfb591ce43a5a06e2095af5eb"/>
  </testcase>
  <testcase name="testCompletePurchase" classname="testCases.TC04_CompletePurchase" time="8.328"/>
  <testcase name="testCompletePurchase" classname="testCases.TC04_CompletePurchase" time="19.245"/>
  <testcase name="testCompletePurchase" classname="testCases.TC04_CompletePurchase" time="0.0">
    <skipped message="Test encountered an unexpected error: element not interactable&#10;  (Session info: MicrosoftEdge=133.0.3065.69)&#10;Build info: version: &apos;4.28.1&apos;, revision: &apos;73f5ad48a2&apos;&#10;System info: os.name: &apos;Windows 11&apos;, os.arch: &apos;amd64&apos;, os.version: &apos;10.0&apos;, java.version: &apos;23.0.2&apos;&#10;Driver info: org.openqa.selenium.remote.RemoteWebDriver&#10;Command: [ccc64bfbfb591ce43a5a06e2095af5eb, clickElement {id=f.9900796547606AAF45365CAA9D618C44.d.6B3EB3C468F15A4E958F10A22F0AF096.e.3251}]&#10;Capabilities {acceptInsecureCerts: false, browserName: MicrosoftEdge, browserVersion: 133.0.3065.69, fedcm:accounts: true, ms:edgeOptions: {debuggerAddress: localhost:56157}, msedge: {msedgedriverVersion: 133.0.3065.69 (c3f010c11f3e..., userDataDir: C:\Users\safin\AppData\Loca...}, networkConnectionEnabled: false, pageLoadStrategy: normal, platformName: Windows 11, proxy: Proxy(), se:bidiEnabled: false, se:cdp: ws://192.168.2.90:4444/sess..., se:cdpVersion: 133.0.3065.69, setWindowRect: true, strictFileInteractability: false, timeouts: {implicit: 0, pageLoad: 300000, script: 30000}, unhandledPromptBehavior: dismiss and notify, webauthn:extension:credBlob: true, webauthn:extension:largeBlob: true, webauthn:extension:minPinLength: true, webauthn:extension:prf: true, webauthn:virtualAuthenticators: true}&#10;Element: [[RemoteWebDriver: MicrosoftEdge on Windows 11 (ccc64bfbfb591ce43a5a06e2095af5eb)] -&gt; xpath: //a[normalize-space()=&apos;HP LP3065&apos;]]&#10;Session ID: ccc64bfbfb591ce43a5a06e2095af5eb"/>
  </testcase>
</testsuite>